Не вдалося завантажити розширення «Fillet and Chamfer». Причина: залежність не було задоволено.
Залежність:
	тип: file
	розташування: extensions
	рядок: inkex.py

Не вдалося завантажити розширення «Object gradient». Причина: залежність не було задоволено.
Залежність:
	тип: file
	розташування: extensions
	рядок: inkex.py

Не вдалося завантажити розширення «Export to PDF via Scribus». Причина: залежність не було задоволено.
Залежність:
	тип: executable
	розташування: контур
	рядок: scribus

Не вдалося завантажити розширення «Formula (pdflatex)». Причина: залежність не було задоволено.
Залежність:
	тип: executable
	розташування: контур
	рядок: pdflatex

Не вдалося завантажити розширення «Optimized PNG». Причина: залежність не було задоволено.
Залежність:
	тип: executable
	розташування: контур
	рядок: optipng

Не вдалося завантажити розширення «XFIG Input». Причина: залежність не було задоволено.
Залежність:
	тип: executable
	розташування: контур
	рядок: fig2dev

